Analysis & Synthesis report for task
Sun Apr 03 04:33:42 2022
Quartus Prime Version 18.1.0 Build 625 09/12/2018 SJ Standard Edition


---------------------
; Table of Contents ;
---------------------
  1. Legal Notice
  2. Analysis & Synthesis Summary
  3. Analysis & Synthesis Settings
  4. Parallel Compilation
  5. Analysis & Synthesis Source Files Read
  6. Analysis & Synthesis Resource Usage Summary
  7. Analysis & Synthesis Resource Utilization by Entity
  8. Analysis & Synthesis RAM Summary
  9. Analysis & Synthesis IP Cores Summary
 10. Registers Removed During Synthesis
 11. General Register Statistics
 12. Inverted Register Statistics
 13. Multiplexer Restructuring Statistics (Restructuring Performed)
 14. Source assignments for FIFO_ip:FIFO_ip_inst|scfifo:scfifo_component|scfifo_2431:auto_generated|a_dpfifo_9a31:dpfifo|altsyncram_mkm1:FIFOram
 15. Parameter Settings for User Entity Instance: uart_recv:u_uart_recv
 16. Parameter Settings for User Entity Instance: FIFO_ip:FIFO_ip_inst|scfifo:scfifo_component
 17. Parameter Settings for User Entity Instance: uart_send:u_uart_send
 18. scfifo Parameter Settings by Entity Instance
 19. Port Connectivity Checks: "FIFO_ip:FIFO_ip_inst"
 20. Post-Synthesis Netlist Statistics for Top Partition
 21. Elapsed Time Per Partition
 22. Analysis & Synthesis Messages



----------------
; Legal Notice ;
----------------
Copyright (C) 2018  Intel Corporation. All rights reserved.
Your use of Intel Corporation's design tools, logic functions 
and other software and tools, and its AMPP partner logic 
functions, and any output files from any of the foregoing 
(including device programming or simulation files), and any 
associated documentation or information are expressly subject 
to the terms and conditions of the Intel Program License 
Subscription Agreement, the Intel Quartus Prime License Agreement,
the Intel FPGA IP License Agreement, or other applicable license
agreement, including, without limitation, that your use is for
the sole purpose of programming logic devices manufactured by
Intel and sold by Intel or its authorized distributors.  Please
refer to the applicable agreement for further details.



+--------------------------------------------------------------------------------------+
; Analysis & Synthesis Summary                                                         ;
+------------------------------------+-------------------------------------------------+
; Analysis & Synthesis Status        ; Successful - Sun Apr 03 04:33:42 2022           ;
; Quartus Prime Version              ; 18.1.0 Build 625 09/12/2018 SJ Standard Edition ;
; Revision Name                      ; task                                            ;
; Top-level Entity Name              ; task1                                           ;
; Family                             ; Cyclone IV E                                    ;
; Total logic elements               ; 145                                             ;
;     Total combinational functions  ; 141                                             ;
;     Dedicated logic registers      ; 94                                              ;
; Total registers                    ; 94                                              ;
; Total pins                         ; 18                                              ;
; Total virtual pins                 ; 0                                               ;
; Total memory bits                  ; 1,024                                           ;
; Embedded Multiplier 9-bit elements ; 0                                               ;
; Total PLLs                         ; 0                                               ;
+------------------------------------+-------------------------------------------------+


+------------------------------------------------------------------------------------------------------------+
; Analysis & Synthesis Settings                                                                              ;
+------------------------------------------------------------------+--------------------+--------------------+
; Option                                                           ; Setting            ; Default Value      ;
+------------------------------------------------------------------+--------------------+--------------------+
; Device                                                           ; EP4CE10F17C8       ;                    ;
; Top-level entity name                                            ; task1              ; task               ;
; Family name                                                      ; Cyclone IV E       ; Cyclone V          ;
; Use smart compilation                                            ; Off                ; Off                ;
; Enable parallel Assembler and Timing Analyzer during compilation ; On                 ; On                 ;
; Enable compact report table                                      ; Off                ; Off                ;
; Restructure Multiplexers                                         ; Auto               ; Auto               ;
; Create Debugging Nodes for IP Cores                              ; Off                ; Off                ;
; Preserve fewer node names                                        ; On                 ; On                 ;
; Intel FPGA IP Evaluation Mode                                    ; Enable             ; Enable             ;
; Verilog Version                                                  ; Verilog_2001       ; Verilog_2001       ;
; VHDL Version                                                     ; VHDL_1993          ; VHDL_1993          ;
; State Machine Processing                                         ; Auto               ; Auto               ;
; Safe State Machine                                               ; Off                ; Off                ;
; Extract Verilog State Machines                                   ; On                 ; On                 ;
; Extract VHDL State Machines                                      ; On                 ; On                 ;
; Ignore Verilog initial constructs                                ; Off                ; Off                ;
; Iteration limit for constant Verilog loops                       ; 5000               ; 5000               ;
; Iteration limit for non-constant Verilog loops                   ; 250                ; 250                ;
; Add Pass-Through Logic to Inferred RAMs                          ; On                 ; On                 ;
; Infer RAMs from Raw Logic                                        ; On                 ; On                 ;
; Parallel Synthesis                                               ; On                 ; On                 ;
; DSP Block Balancing                                              ; Auto               ; Auto               ;
; NOT Gate Push-Back                                               ; On                 ; On                 ;
; Power-Up Don't Care                                              ; On                 ; On                 ;
; Remove Redundant Logic Cells                                     ; Off                ; Off                ;
; Remove Duplicate Registers                                       ; On                 ; On                 ;
; Ignore CARRY Buffers                                             ; Off                ; Off                ;
; Ignore CASCADE Buffers                                           ; Off                ; Off                ;
; Ignore GLOBAL Buffers                                            ; Off                ; Off                ;
; Ignore ROW GLOBAL Buffers                                        ; Off                ; Off                ;
; Ignore LCELL Buffers                                             ; Off                ; Off                ;
; Ignore SOFT Buffers                                              ; On                 ; On                 ;
; Limit AHDL Integers to 32 Bits                                   ; Off                ; Off                ;
; Optimization Technique                                           ; Balanced           ; Balanced           ;
; Carry Chain Length                                               ; 70                 ; 70                 ;
; Auto Carry Chains                                                ; On                 ; On                 ;
; Auto Open-Drain Pins                                             ; On                 ; On                 ;
; Perform WYSIWYG Primitive Resynthesis                            ; Off                ; Off                ;
; Auto ROM Replacement                                             ; On                 ; On                 ;
; Auto RAM Replacement                                             ; On                 ; On                 ;
; Auto DSP Block Replacement                                       ; On                 ; On                 ;
; Auto Shift Register Replacement                                  ; Auto               ; Auto               ;
; Allow Shift Register Merging across Hierarchies                  ; Auto               ; Auto               ;
; Auto Clock Enable Replacement                                    ; On                 ; On                 ;
; Strict RAM Replacement                                           ; Off                ; Off                ;
; Allow Synchronous Control Signals                                ; On                 ; On                 ;
; Force Use of Synchronous Clear Signals                           ; Off                ; Off                ;
; Auto RAM Block Balancing                                         ; On                 ; On                 ;
; Auto RAM to Logic Cell Conversion                                ; Off                ; Off                ;
; Auto Resource Sharing                                            ; Off                ; Off                ;
; Allow Any RAM Size For Recognition                               ; Off                ; Off                ;
; Allow Any ROM Size For Recognition                               ; Off                ; Off                ;
; Allow Any Shift Register Size For Recognition                    ; Off                ; Off                ;
; Use LogicLock Constraints during Resource Balancing              ; On                 ; On                 ;
; Ignore translate_off and synthesis_off directives                ; Off                ; Off                ;
; Timing-Driven Synthesis                                          ; On                 ; On                 ;
; Report Parameter Settings                                        ; On                 ; On                 ;
; Report Source Assignments                                        ; On                 ; On                 ;
; Report Connectivity Checks                                       ; On                 ; On                 ;
; Ignore Maximum Fan-Out Assignments                               ; Off                ; Off                ;
; Synchronization Register Chain Length                            ; 2                  ; 2                  ;
; Power Optimization During Synthesis                              ; Normal compilation ; Normal compilation ;
; HDL message level                                                ; Level2             ; Level2             ;
; Suppress Register Optimization Related Messages                  ; Off                ; Off                ;
; Number of Removed Registers Reported in Synthesis Report         ; 5000               ; 5000               ;
; Number of Swept Nodes Reported in Synthesis Report               ; 5000               ; 5000               ;
; Number of Inverted Registers Reported in Synthesis Report        ; 100                ; 100                ;
; Clock MUX Protection                                             ; On                 ; On                 ;
; Auto Gated Clock Conversion                                      ; Off                ; Off                ;
; Block Design Naming                                              ; Auto               ; Auto               ;
; SDC constraint protection                                        ; Off                ; Off                ;
; Synthesis Effort                                                 ; Auto               ; Auto               ;
; Shift Register Replacement - Allow Asynchronous Clear Signal     ; On                 ; On                 ;
; Pre-Mapping Resynthesis Optimization                             ; Off                ; Off                ;
; Analysis & Synthesis Message Level                               ; Medium             ; Medium             ;
; Disable Register Merging Across Hierarchies                      ; Auto               ; Auto               ;
; Resource Aware Inference For Block RAM                           ; On                 ; On                 ;
+------------------------------------------------------------------+--------------------+--------------------+


+------------------------------------------+
; Parallel Compilation                     ;
+----------------------------+-------------+
; Processors                 ; Number      ;
+----------------------------+-------------+
; Number detected on machine ; 12          ;
; Maximum allowed            ; 6           ;
;                            ;             ;
; Average used               ; 1.00        ;
; Maximum used               ; 6           ;
;                            ;             ;
; Usage by Processor         ; % Time Used ;
;     Processor 1            ; 100.0%      ;
;     Processors 2-6         ;   0.0%      ;
+----------------------------+-------------+


+-------------------------------------------------------------------------------------------------------------------------------------------------------------------------------+
; Analysis & Synthesis Source Files Read                                                                                                                                        ;
+----------------------------------+-----------------+------------------------------+---------------------------------------------------------------------------------+---------+
; File Name with User-Entered Path ; Used in Netlist ; File Type                    ; File Name with Absolute Path                                                    ; Library ;
+----------------------------------+-----------------+------------------------------+---------------------------------------------------------------------------------+---------+
; ../rtl/task1.v                   ; yes             ; User Verilog HDL File        ; F:/data/temp/task/rtl/task1.v                                                   ;         ;
; ip/FIFO_ip.v                     ; yes             ; User Wizard-Generated File   ; F:/data/temp/task/prj/ip/FIFO_ip.v                                              ;         ;
; ../rtl/uart_recv.v               ; yes             ; User Verilog HDL File        ; F:/data/temp/task/rtl/uart_recv.v                                               ;         ;
; ../rtl/uart_send.v               ; yes             ; User Verilog HDL File        ; F:/data/temp/task/rtl/uart_send.v                                               ;         ;
; scfifo.tdf                       ; yes             ; Megafunction                 ; c:/zhuanyeruanjian/fpgaquartus18/quartus/libraries/megafunctions/scfifo.tdf     ;         ;
; a_regfifo.inc                    ; yes             ; Megafunction                 ; c:/zhuanyeruanjian/fpgaquartus18/quartus/libraries/megafunctions/a_regfifo.inc  ;         ;
; a_dpfifo.inc                     ; yes             ; Megafunction                 ; c:/zhuanyeruanjian/fpgaquartus18/quartus/libraries/megafunctions/a_dpfifo.inc   ;         ;
; a_i2fifo.inc                     ; yes             ; Megafunction                 ; c:/zhuanyeruanjian/fpgaquartus18/quartus/libraries/megafunctions/a_i2fifo.inc   ;         ;
; a_fffifo.inc                     ; yes             ; Megafunction                 ; c:/zhuanyeruanjian/fpgaquartus18/quartus/libraries/megafunctions/a_fffifo.inc   ;         ;
; a_f2fifo.inc                     ; yes             ; Megafunction                 ; c:/zhuanyeruanjian/fpgaquartus18/quartus/libraries/megafunctions/a_f2fifo.inc   ;         ;
; aglobal181.inc                   ; yes             ; Megafunction                 ; c:/zhuanyeruanjian/fpgaquartus18/quartus/libraries/megafunctions/aglobal181.inc ;         ;
; db/scfifo_2431.tdf               ; yes             ; Auto-Generated Megafunction  ; F:/data/temp/task/prj/db/scfifo_2431.tdf                                        ;         ;
; db/a_dpfifo_9a31.tdf             ; yes             ; Auto-Generated Megafunction  ; F:/data/temp/task/prj/db/a_dpfifo_9a31.tdf                                      ;         ;
; db/a_fefifo_u7e.tdf              ; yes             ; Auto-Generated Megafunction  ; F:/data/temp/task/prj/db/a_fefifo_u7e.tdf                                       ;         ;
; db/cntr_eo7.tdf                  ; yes             ; Auto-Generated Megafunction  ; F:/data/temp/task/prj/db/cntr_eo7.tdf                                           ;         ;
; db/altsyncram_mkm1.tdf           ; yes             ; Auto-Generated Megafunction  ; F:/data/temp/task/prj/db/altsyncram_mkm1.tdf                                    ;         ;
; db/cntr_2ob.tdf                  ; yes             ; Auto-Generated Megafunction  ; F:/data/temp/task/prj/db/cntr_2ob.tdf                                           ;         ;
+----------------------------------+-----------------+------------------------------+---------------------------------------------------------------------------------+---------+


+---------------------------------------------------------+
; Analysis & Synthesis Resource Usage Summary             ;
+---------------------------------------------+-----------+
; Resource                                    ; Usage     ;
+---------------------------------------------+-----------+
; Estimated Total logic elements              ; 145       ;
;                                             ;           ;
; Total combinational functions               ; 141       ;
; Logic element usage by number of LUT inputs ;           ;
;     -- 4 input functions                    ; 49        ;
;     -- 3 input functions                    ; 25        ;
;     -- <=2 input functions                  ; 67        ;
;                                             ;           ;
; Logic elements by mode                      ;           ;
;     -- normal mode                          ; 93        ;
;     -- arithmetic mode                      ; 48        ;
;                                             ;           ;
; Total registers                             ; 94        ;
;     -- Dedicated logic registers            ; 94        ;
;     -- I/O registers                        ; 0         ;
;                                             ;           ;
; I/O pins                                    ; 18        ;
; Total memory bits                           ; 1024      ;
;                                             ;           ;
; Embedded Multiplier 9-bit elements          ; 0         ;
;                                             ;           ;
; Maximum fan-out node                        ; clk~input ;
; Maximum fan-out                             ; 102       ;
; Total fan-out                               ; 892       ;
; Average fan-out                             ; 3.20      ;
+---------------------------------------------+-----------+


+---------------------------------------------------------------------------------------------------------------------------------------------------------------------------------------------------------------------------------------------------------------------------------------------------------------------------------------------------------+
; Analysis & Synthesis Resource Utilization by Entity                                                                                                                                                                                                                                                                                                     ;
+------------------------------------------+---------------------+---------------------------+-------------+--------------+---------+-----------+------+--------------+--------------------------------------------------------------------------------------------------------------------------------------------------+-----------------+--------------+
; Compilation Hierarchy Node               ; Combinational ALUTs ; Dedicated Logic Registers ; Memory Bits ; DSP Elements ; DSP 9x9 ; DSP 18x18 ; Pins ; Virtual Pins ; Full Hierarchy Name                                                                                                                              ; Entity Name     ; Library Name ;
+------------------------------------------+---------------------+---------------------------+-------------+--------------+---------+-----------+------+--------------+--------------------------------------------------------------------------------------------------------------------------------------------------+-----------------+--------------+
; |task1                                   ; 141 (0)             ; 94 (0)                    ; 1024        ; 0            ; 0       ; 0         ; 18   ; 0            ; |task1                                                                                                                                           ; task1           ; work         ;
;    |FIFO_ip:FIFO_ip_inst|                ; 26 (0)              ; 22 (0)                    ; 1024        ; 0            ; 0       ; 0         ; 0    ; 0            ; |task1|FIFO_ip:FIFO_ip_inst                                                                                                                      ; FIFO_ip         ; work         ;
;       |scfifo:scfifo_component|          ; 26 (0)              ; 22 (0)                    ; 1024        ; 0            ; 0       ; 0         ; 0    ; 0            ; |task1|FIFO_ip:FIFO_ip_inst|scfifo:scfifo_component                                                                                              ; scfifo          ; work         ;
;          |scfifo_2431:auto_generated|    ; 26 (0)              ; 22 (0)                    ; 1024        ; 0            ; 0       ; 0         ; 0    ; 0            ; |task1|FIFO_ip:FIFO_ip_inst|scfifo:scfifo_component|scfifo_2431:auto_generated                                                                   ; scfifo_2431     ; work         ;
;             |a_dpfifo_9a31:dpfifo|       ; 26 (1)              ; 22 (0)                    ; 1024        ; 0            ; 0       ; 0         ; 0    ; 0            ; |task1|FIFO_ip:FIFO_ip_inst|scfifo:scfifo_component|scfifo_2431:auto_generated|a_dpfifo_9a31:dpfifo                                              ; a_dpfifo_9a31   ; work         ;
;                |a_fefifo_u7e:fifo_state| ; 11 (4)              ; 8 (1)                     ; 0           ; 0            ; 0       ; 0         ; 0    ; 0            ; |task1|FIFO_ip:FIFO_ip_inst|scfifo:scfifo_component|scfifo_2431:auto_generated|a_dpfifo_9a31:dpfifo|a_fefifo_u7e:fifo_state                      ; a_fefifo_u7e    ; work         ;
;                   |cntr_eo7:count_usedw| ; 7 (7)               ; 7 (7)                     ; 0           ; 0            ; 0       ; 0         ; 0    ; 0            ; |task1|FIFO_ip:FIFO_ip_inst|scfifo:scfifo_component|scfifo_2431:auto_generated|a_dpfifo_9a31:dpfifo|a_fefifo_u7e:fifo_state|cntr_eo7:count_usedw ; cntr_eo7        ; work         ;
;                |altsyncram_mkm1:FIFOram| ; 0 (0)               ; 0 (0)                     ; 1024        ; 0            ; 0       ; 0         ; 0    ; 0            ; |task1|FIFO_ip:FIFO_ip_inst|scfifo:scfifo_component|scfifo_2431:auto_generated|a_dpfifo_9a31:dpfifo|altsyncram_mkm1:FIFOram                      ; altsyncram_mkm1 ; work         ;
;                |cntr_2ob:rd_ptr_count|   ; 7 (7)               ; 7 (7)                     ; 0           ; 0            ; 0       ; 0         ; 0    ; 0            ; |task1|FIFO_ip:FIFO_ip_inst|scfifo:scfifo_component|scfifo_2431:auto_generated|a_dpfifo_9a31:dpfifo|cntr_2ob:rd_ptr_count                        ; cntr_2ob        ; work         ;
;                |cntr_2ob:wr_ptr|         ; 7 (7)               ; 7 (7)                     ; 0           ; 0            ; 0       ; 0         ; 0    ; 0            ; |task1|FIFO_ip:FIFO_ip_inst|scfifo:scfifo_component|scfifo_2431:auto_generated|a_dpfifo_9a31:dpfifo|cntr_2ob:wr_ptr                              ; cntr_2ob        ; work         ;
;    |uart_recv:u_uart_recv|               ; 62 (62)             ; 40 (40)                   ; 0           ; 0            ; 0       ; 0         ; 0    ; 0            ; |task1|uart_recv:u_uart_recv                                                                                                                     ; uart_recv       ; work         ;
;    |uart_send:u_uart_send|               ; 53 (53)             ; 32 (32)                   ; 0           ; 0            ; 0       ; 0         ; 0    ; 0            ; |task1|uart_send:u_uart_send                                                                                                                     ; uart_send       ; work         ;
+------------------------------------------+---------------------+---------------------------+-------------+--------------+---------+-----------+------+--------------+--------------------------------------------------------------------------------------------------------------------------------------------------+-----------------+--------------+
Note: For table entries with two numbers listed, the numbers in parentheses indicate the number of resources of the given type used by the specific entity alone. The numbers listed outside of parentheses indicate the total resources of the given type used by the specific entity and all of its sub-entities in the hierarchy.


+-------------------------------------------------------------------------------------------------------------------------------------------------------------------------------------------------------------------------------------+
; Analysis & Synthesis RAM Summary                                                                                                                                                                                                    ;
+---------------------------------------------------------------------------------------------------------------------------------+------+------------------+--------------+--------------+--------------+--------------+------+------+
; Name                                                                                                                            ; Type ; Mode             ; Port A Depth ; Port A Width ; Port B Depth ; Port B Width ; Size ; MIF  ;
+---------------------------------------------------------------------------------------------------------------------------------+------+------------------+--------------+--------------+--------------+--------------+------+------+
; FIFO_ip:FIFO_ip_inst|scfifo:scfifo_component|scfifo_2431:auto_generated|a_dpfifo_9a31:dpfifo|altsyncram_mkm1:FIFOram|ALTSYNCRAM ; AUTO ; Simple Dual Port ; 128          ; 8            ; 128          ; 8            ; 1024 ; None ;
+---------------------------------------------------------------------------------------------------------------------------------+------+------------------+--------------+--------------+--------------+--------------+------+------+


+---------------------------------------------------------------------------------------------------------------+
; Analysis & Synthesis IP Cores Summary                                                                         ;
+--------+--------------+---------+--------------+--------------+-----------------------------+-----------------+
; Vendor ; IP Core Name ; Version ; Release Date ; License Type ; Entity Instance             ; IP Include File ;
+--------+--------------+---------+--------------+--------------+-----------------------------+-----------------+
; Altera ; FIFO         ; 18.1    ; N/A          ; N/A          ; |task1|FIFO_ip:FIFO_ip_inst ; ip/FIFO_ip.v    ;
+--------+--------------+---------+--------------+--------------+-----------------------------+-----------------+


+---------------------------------------------------------------------------------------------------------------------------------------------------------------------------+
; Registers Removed During Synthesis                                                                                                                                        ;
+----------------------------------------------------------------------------------------------------------------------------------+----------------------------------------+
; Register name                                                                                                                    ; Reason for Removal                     ;
+----------------------------------------------------------------------------------------------------------------------------------+----------------------------------------+
; FIFO_ip:FIFO_ip_inst|scfifo:scfifo_component|scfifo_2431:auto_generated|a_dpfifo_9a31:dpfifo|a_fefifo_u7e:fifo_state|b_non_empty ; Stuck at VCC due to stuck port data_in ;
; Total Number of Removed Registers = 1                                                                                            ;                                        ;
+----------------------------------------------------------------------------------------------------------------------------------+----------------------------------------+


+------------------------------------------------------+
; General Register Statistics                          ;
+----------------------------------------------+-------+
; Statistic                                    ; Value ;
+----------------------------------------------+-------+
; Total registers                              ; 94    ;
; Number of registers using Synchronous Clear  ; 32    ;
; Number of registers using Synchronous Load   ; 0     ;
; Number of registers using Asynchronous Clear ; 72    ;
; Number of registers using Asynchronous Load  ; 0     ;
; Number of registers using Clock Enable       ; 37    ;
; Number of registers using Preset             ; 0     ;
+----------------------------------------------+-------+


+--------------------------------------------------+
; Inverted Register Statistics                     ;
+----------------------------------------+---------+
; Inverted Register                      ; Fan out ;
+----------------------------------------+---------+
; uart_send:u_uart_send|uart_txd         ; 3       ;
; Total number of inverted registers = 1 ;         ;
+----------------------------------------+---------+


+--------------------------------------------------------------------------------------------------------------------------------------------------------+
; Multiplexer Restructuring Statistics (Restructuring Performed)                                                                                         ;
+--------------------+-----------+---------------+----------------------+------------------------+------------+------------------------------------------+
; Multiplexer Inputs ; Bus Width ; Baseline Area ; Area if Restructured ; Saving if Restructured ; Registered ; Example Multiplexer Output               ;
+--------------------+-----------+---------------+----------------------+------------------------+------------+------------------------------------------+
; 3:1                ; 8 bits    ; 16 LEs        ; 8 LEs                ; 8 LEs                  ; Yes        ; |task1|uart_send:u_uart_send|tx_data[4]  ;
; 3:1                ; 16 bits   ; 32 LEs        ; 16 LEs               ; 16 LEs                 ; Yes        ; |task1|uart_send:u_uart_send|clk_cnt[7]  ;
; 3:1                ; 4 bits    ; 8 LEs         ; 4 LEs                ; 4 LEs                  ; Yes        ; |task1|uart_send:u_uart_send|tx_cnt[3]   ;
; 3:1                ; 16 bits   ; 32 LEs        ; 16 LEs               ; 16 LEs                 ; Yes        ; |task1|uart_recv:u_uart_recv|clk_cnt[14] ;
; 3:1                ; 4 bits    ; 8 LEs         ; 4 LEs                ; 4 LEs                  ; Yes        ; |task1|uart_recv:u_uart_recv|rx_cnt[3]   ;
+--------------------+-----------+---------------+----------------------+------------------------+------------+------------------------------------------+


+---------------------------------------------------------------------------------------------------------------------------------------------+
; Source assignments for FIFO_ip:FIFO_ip_inst|scfifo:scfifo_component|scfifo_2431:auto_generated|a_dpfifo_9a31:dpfifo|altsyncram_mkm1:FIFOram ;
+---------------------------------+--------------------+------+-------------------------------------------------------------------------------+
; Assignment                      ; Value              ; From ; To                                                                            ;
+---------------------------------+--------------------+------+-------------------------------------------------------------------------------+
; OPTIMIZE_POWER_DURING_SYNTHESIS ; NORMAL_COMPILATION ; -    ; -                                                                             ;
+---------------------------------+--------------------+------+-------------------------------------------------------------------------------+


+--------------------------------------------------------------------+
; Parameter Settings for User Entity Instance: uart_recv:u_uart_recv ;
+----------------+----------+----------------------------------------+
; Parameter Name ; Value    ; Type                                   ;
+----------------+----------+----------------------------------------+
; CLK_FREQ       ; 50000000 ; Signed Integer                         ;
; UART_BPS       ; 9600     ; Signed Integer                         ;
+----------------+----------+----------------------------------------+
Note: In order to hide this table in the UI and the text report file, please set the "Show Parameter Settings in Synthesis Report" option in "Analysis and Synthesis Settings -> More Settings" to "Off".


+-------------------------------------------------------------------------------------------+
; Parameter Settings for User Entity Instance: FIFO_ip:FIFO_ip_inst|scfifo:scfifo_component ;
+-------------------------+--------------+--------------------------------------------------+
; Parameter Name          ; Value        ; Type                                             ;
+-------------------------+--------------+--------------------------------------------------+
; AUTO_CARRY_CHAINS       ; ON           ; AUTO_CARRY                                       ;
; IGNORE_CARRY_BUFFERS    ; OFF          ; IGNORE_CARRY                                     ;
; AUTO_CASCADE_CHAINS     ; ON           ; AUTO_CASCADE                                     ;
; IGNORE_CASCADE_BUFFERS  ; OFF          ; IGNORE_CASCADE                                   ;
; lpm_width               ; 8            ; Signed Integer                                   ;
; LPM_NUMWORDS            ; 128          ; Signed Integer                                   ;
; LPM_WIDTHU              ; 7            ; Signed Integer                                   ;
; LPM_SHOWAHEAD           ; OFF          ; Untyped                                          ;
; UNDERFLOW_CHECKING      ; ON           ; Untyped                                          ;
; OVERFLOW_CHECKING       ; ON           ; Untyped                                          ;
; ALLOW_RWCYCLE_WHEN_FULL ; OFF          ; Untyped                                          ;
; ADD_RAM_OUTPUT_REGISTER ; OFF          ; Untyped                                          ;
; ALMOST_FULL_VALUE       ; 0            ; Untyped                                          ;
; ALMOST_EMPTY_VALUE      ; 0            ; Untyped                                          ;
; ENABLE_ECC              ; FALSE        ; Untyped                                          ;
; USE_EAB                 ; ON           ; Untyped                                          ;
; MAXIMIZE_SPEED          ; 5            ; Untyped                                          ;
; DEVICE_FAMILY           ; Cyclone IV E ; Untyped                                          ;
; OPTIMIZE_FOR_SPEED      ; 5            ; Untyped                                          ;
; CBXI_PARAMETER          ; scfifo_2431  ; Untyped                                          ;
+-------------------------+--------------+--------------------------------------------------+
Note: In order to hide this table in the UI and the text report file, please set the "Show Parameter Settings in Synthesis Report" option in "Analysis and Synthesis Settings -> More Settings" to "Off".


+--------------------------------------------------------------------+
; Parameter Settings for User Entity Instance: uart_send:u_uart_send ;
+----------------+----------+----------------------------------------+
; Parameter Name ; Value    ; Type                                   ;
+----------------+----------+----------------------------------------+
; CLK_FREQ       ; 50000000 ; Signed Integer                         ;
; UART_BPS       ; 9600     ; Signed Integer                         ;
+----------------+----------+----------------------------------------+
Note: In order to hide this table in the UI and the text report file, please set the "Show Parameter Settings in Synthesis Report" option in "Analysis and Synthesis Settings -> More Settings" to "Off".


+---------------------------------------------------------------------------+
; scfifo Parameter Settings by Entity Instance                              ;
+----------------------------+----------------------------------------------+
; Name                       ; Value                                        ;
+----------------------------+----------------------------------------------+
; Number of entity instances ; 1                                            ;
; Entity Instance            ; FIFO_ip:FIFO_ip_inst|scfifo:scfifo_component ;
;     -- FIFO Type           ; Single Clock                                 ;
;     -- lpm_width           ; 8                                            ;
;     -- LPM_NUMWORDS        ; 128                                          ;
;     -- LPM_SHOWAHEAD       ; OFF                                          ;
;     -- USE_EAB             ; ON                                           ;
+----------------------------+----------------------------------------------+


+-----------------------------------------------------------------------------------------------------------------+
; Port Connectivity Checks: "FIFO_ip:FIFO_ip_inst"                                                                ;
+-------+--------+----------+-------------------------------------------------------------------------------------+
; Port  ; Type   ; Severity ; Details                                                                             ;
+-------+--------+----------+-------------------------------------------------------------------------------------+
; empty ; Output ; Info     ; Connected to dangling logic. Logic that only feeds a dangling port will be removed. ;
+-------+--------+----------+-------------------------------------------------------------------------------------+


+-----------------------------------------------------+
; Post-Synthesis Netlist Statistics for Top Partition ;
+-----------------------+-----------------------------+
; Type                  ; Count                       ;
+-----------------------+-----------------------------+
; boundary_port         ; 18                          ;
; cycloneiii_ff         ; 94                          ;
;     CLR               ; 24                          ;
;     CLR SCLR          ; 32                          ;
;     ENA               ; 21                          ;
;     ENA CLR           ; 16                          ;
;     plain             ; 1                           ;
; cycloneiii_lcell_comb ; 143                         ;
;     arith             ; 48                          ;
;         2 data inputs ; 42                          ;
;         3 data inputs ; 6                           ;
;     normal            ; 95                          ;
;         0 data inputs ; 1                           ;
;         1 data inputs ; 6                           ;
;         2 data inputs ; 20                          ;
;         3 data inputs ; 19                          ;
;         4 data inputs ; 49                          ;
; cycloneiii_ram_block  ; 8                           ;
;                       ;                             ;
; Max LUT depth         ; 5.00                        ;
; Average LUT depth     ; 2.51                        ;
+-----------------------+-----------------------------+


+-------------------------------+
; Elapsed Time Per Partition    ;
+----------------+--------------+
; Partition Name ; Elapsed Time ;
+----------------+--------------+
; Top            ; 00:00:00     ;
+----------------+--------------+


+-------------------------------+
; Analysis & Synthesis Messages ;
+-------------------------------+
Info: *******************************************************************
Info: Running Quartus Prime Analysis & Synthesis
    Info: Version 18.1.0 Build 625 09/12/2018 SJ Standard Edition
    Info: Processing started: Sun Apr 03 04:33:31 2022
Info: Command: quartus_map --read_settings_files=on --write_settings_files=off task -c task
Warning (18236): Number of processors has not been specified which may cause overloading on shared machines.  Set the global assignment NUM_PARALLEL_PROCESSORS in your QSF to an appropriate value for best performance.
Info (20030): Parallel compilation is enabled and will use 6 of the 6 processors detected
Info (12021): Found 1 design units, including 1 entities, in source file /data/temp/task/rtl/task1.v
    Info (12023): Found entity 1: task1 File: F:/data/temp/task/rtl/task1.v Line: 1
Info (12021): Found 1 design units, including 1 entities, in source file ip/fifo_ip.v
    Info (12023): Found entity 1: FIFO_ip File: F:/data/temp/task/prj/ip/FIFO_ip.v Line: 39
Info (12021): Found 1 design units, including 1 entities, in source file /data/temp/task/tb/tb.v
    Info (12023): Found entity 1: tb_task1_vlg_tst File: F:/data/temp/task/tb/tb.v Line: 2
Info (12021): Found 1 design units, including 1 entities, in source file /data/temp/task/rtl/uart_recv.v
    Info (12023): Found entity 1: uart_recv File: F:/data/temp/task/rtl/uart_recv.v Line: 4
Info (12021): Found 1 design units, including 1 entities, in source file /data/temp/task/rtl/uart_send.v
    Info (12023): Found entity 1: uart_send File: F:/data/temp/task/rtl/uart_send.v Line: 4
Info (12127): Elaborating entity "task1" for the top level hierarchy
Info (12128): Elaborating entity "uart_recv" for hierarchy "uart_recv:u_uart_recv" File: F:/data/temp/task/rtl/task1.v Line: 31
Info (12128): Elaborating entity "FIFO_ip" for hierarchy "FIFO_ip:FIFO_ip_inst" File: F:/data/temp/task/rtl/task1.v Line: 43
Info (12128): Elaborating entity "scfifo" for hierarchy "FIFO_ip:FIFO_ip_inst|scfifo:scfifo_component" File: F:/data/temp/task/prj/ip/FIFO_ip.v Line: 76
Info (12130): Elaborated megafunction instantiation "FIFO_ip:FIFO_ip_inst|scfifo:scfifo_component" File: F:/data/temp/task/prj/ip/FIFO_ip.v Line: 76
Info (12133): Instantiated megafunction "FIFO_ip:FIFO_ip_inst|scfifo:scfifo_component" with the following parameter: File: F:/data/temp/task/prj/ip/FIFO_ip.v Line: 76
    Info (12134): Parameter "add_ram_output_register" = "OFF"
    Info (12134): Parameter "intended_device_family" = "Cyclone IV E"
    Info (12134): Parameter "lpm_numwords" = "128"
    Info (12134): Parameter "lpm_showahead" = "OFF"
    Info (12134): Parameter "lpm_type" = "scfifo"
    Info (12134): Parameter "lpm_width" = "8"
    Info (12134): Parameter "lpm_widthu" = "7"
    Info (12134): Parameter "overflow_checking" = "ON"
    Info (12134): Parameter "underflow_checking" = "ON"
    Info (12134): Parameter "use_eab" = "ON"
Info (12021): Found 1 design units, including 1 entities, in source file db/scfifo_2431.tdf
    Info (12023): Found entity 1: scfifo_2431 File: F:/data/temp/task/prj/db/scfifo_2431.tdf Line: 24
Info (12128): Elaborating entity "scfifo_2431" for hierarchy "FIFO_ip:FIFO_ip_inst|scfifo:scfifo_component|scfifo_2431:auto_generated" File: c:/zhuanyeruanjian/fpgaquartus18/quartus/libraries/megafunctions/scfifo.tdf Line: 299
Info (12021): Found 1 design units, including 1 entities, in source file db/a_dpfifo_9a31.tdf
    Info (12023): Found entity 1: a_dpfifo_9a31 File: F:/data/temp/task/prj/db/a_dpfifo_9a31.tdf Line: 28
Info (12128): Elaborating entity "a_dpfifo_9a31" for hierarchy "FIFO_ip:FIFO_ip_inst|scfifo:scfifo_component|scfifo_2431:auto_generated|a_dpfifo_9a31:dpfifo" File: F:/data/temp/task/prj/db/scfifo_2431.tdf Line: 35
Info (12021): Found 1 design units, including 1 entities, in source file db/a_fefifo_u7e.tdf
    Info (12023): Found entity 1: a_fefifo_u7e File: F:/data/temp/task/prj/db/a_fefifo_u7e.tdf Line: 24
Info (12128): Elaborating entity "a_fefifo_u7e" for hierarchy "FIFO_ip:FIFO_ip_inst|scfifo:scfifo_component|scfifo_2431:auto_generated|a_dpfifo_9a31:dpfifo|a_fefifo_u7e:fifo_state" File: F:/data/temp/task/prj/db/a_dpfifo_9a31.tdf Line: 40
Info (12021): Found 1 design units, including 1 entities, in source file db/cntr_eo7.tdf
    Info (12023): Found entity 1: cntr_eo7 File: F:/data/temp/task/prj/db/cntr_eo7.tdf Line: 25
Info (12128): Elaborating entity "cntr_eo7" for hierarchy "FIFO_ip:FIFO_ip_inst|scfifo:scfifo_component|scfifo_2431:auto_generated|a_dpfifo_9a31:dpfifo|a_fefifo_u7e:fifo_state|cntr_eo7:count_usedw" File: F:/data/temp/task/prj/db/a_fefifo_u7e.tdf Line: 37
Info (12021): Found 1 design units, including 1 entities, in source file db/altsyncram_mkm1.tdf
    Info (12023): Found entity 1: altsyncram_mkm1 File: F:/data/temp/task/prj/db/altsyncram_mkm1.tdf Line: 27
Info (12128): Elaborating entity "altsyncram_mkm1" for hierarchy "FIFO_ip:FIFO_ip_inst|scfifo:scfifo_component|scfifo_2431:auto_generated|a_dpfifo_9a31:dpfifo|altsyncram_mkm1:FIFOram" File: F:/data/temp/task/prj/db/a_dpfifo_9a31.tdf Line: 41
Info (12021): Found 1 design units, including 1 entities, in source file db/cntr_2ob.tdf
    Info (12023): Found entity 1: cntr_2ob File: F:/data/temp/task/prj/db/cntr_2ob.tdf Line: 25
Info (12128): Elaborating entity "cntr_2ob" for hierarchy "FIFO_ip:FIFO_ip_inst|scfifo:scfifo_component|scfifo_2431:auto_generated|a_dpfifo_9a31:dpfifo|cntr_2ob:rd_ptr_count" File: F:/data/temp/task/prj/db/a_dpfifo_9a31.tdf Line: 42
Info (12128): Elaborating entity "uart_send" for hierarchy "uart_send:u_uart_send" File: F:/data/temp/task/rtl/task1.v Line: 53
Info (13000): Registers with preset signals will power-up high File: F:/data/temp/task/rtl/uart_send.v Line: 11
Info (13003): DEV_CLRn pin will set, and not reset, register with preset signal due to NOT Gate Push-Back
Warning (13024): Output pins are stuck at VCC or GND
    Warning (13410): Pin "seg_sel[0]" is stuck at VCC File: F:/data/temp/task/rtl/task1.v Line: 4
    Warning (13410): Pin "seg_sel[1]" is stuck at VCC File: F:/data/temp/task/rtl/task1.v Line: 4
    Warning (13410): Pin "seg_sel[2]" is stuck at VCC File: F:/data/temp/task/rtl/task1.v Line: 4
    Warning (13410): Pin "seg_sel[3]" is stuck at VCC File: F:/data/temp/task/rtl/task1.v Line: 4
    Warning (13410): Pin "seg_sel[4]" is stuck at VCC File: F:/data/temp/task/rtl/task1.v Line: 4
    Warning (13410): Pin "seg_sel[5]" is stuck at VCC File: F:/data/temp/task/rtl/task1.v Line: 4
    Warning (13410): Pin "seg_led[0]" is stuck at VCC File: F:/data/temp/task/rtl/task1.v Line: 5
    Warning (13410): Pin "seg_led[1]" is stuck at VCC File: F:/data/temp/task/rtl/task1.v Line: 5
    Warning (13410): Pin "seg_led[2]" is stuck at VCC File: F:/data/temp/task/rtl/task1.v Line: 5
    Warning (13410): Pin "seg_led[3]" is stuck at VCC File: F:/data/temp/task/rtl/task1.v Line: 5
    Warning (13410): Pin "seg_led[4]" is stuck at VCC File: F:/data/temp/task/rtl/task1.v Line: 5
    Warning (13410): Pin "seg_led[5]" is stuck at VCC File: F:/data/temp/task/rtl/task1.v Line: 5
    Warning (13410): Pin "seg_led[6]" is stuck at VCC File: F:/data/temp/task/rtl/task1.v Line: 5
    Warning (13410): Pin "seg_led[7]" is stuck at VCC File: F:/data/temp/task/rtl/task1.v Line: 5
Info (286030): Timing-Driven Synthesis is running
Info (16010): Generating hard_block partition "hard_block:auto_generated_inst"
    Info (16011): Adding 0 node(s), including 0 DDIO, 0 PLL, 0 transceiver and 0 LCELL
Info (21057): Implemented 172 device resources after synthesis - the final resource count might be different
    Info (21058): Implemented 3 input pins
    Info (21059): Implemented 15 output pins
    Info (21061): Implemented 146 logic cells
    Info (21064): Implemented 8 RAM segments
Info: Quartus Prime Analysis & Synthesis was successful. 0 errors, 16 warnings
    Info: Peak virtual memory: 4786 megabytes
    Info: Processing ended: Sun Apr 03 04:33:42 2022
    Info: Elapsed time: 00:00:11
    Info: Total CPU time (on all processors): 00:00:19


